-------------------------------------------------------------------------------
Test set: example.project.TestExtractMethods
-------------------------------------------------------------------------------
Tests run: 1, Failures: 1, Errors: 0, Skipped: 0, Time elapsed: 0.05 s <<< FAILURE! - in example.project.TestExtractMethods
test_foo_after_refactoring  Time elapsed: 0.041 s  <<< FAILURE!
org.opentest4j.AssertionFailedError: expected: <10> but was: <1>
	at example.project.TestExtractMethods.test_foo_after_refactoring(TestExtractMethods.java:30)

